<?xml version="1.0" encoding="UTF-8"?>
<coverage generated="1668462237588" clover="3.2.0">
  <project timestamp="1668462237588" name="All files">
    <metrics statements="16" coveredstatements="12" conditionals="4" coveredconditionals="2" methods="4" coveredmethods="3" elements="24" coveredelements="17" complexity="0" loc="16" ncloc="16" packages="2" files="4" classes="4"/>
    <package name="jest-test">
      <metrics statements="2" coveredstatements="2" conditionals="0" coveredconditionals="0" methods="1" coveredmethods="1"/>
      <file name="sum.js" path="C:\Users\linda\repos\edu\exams\js2_LindaSandaker\src\jest-test\sum.js">
        <metrics statements="2" coveredstatements="2" conditionals="0" coveredconditionals="0" methods="1" coveredmethods="1"/>
        <line num="2" count="1" type="stmt"/>
        <line num="4" count="1" type="stmt"/>
      </file>
    </package>
    <package name="js.utils">
      <metrics statements="14" coveredstatements="10" conditionals="4" coveredconditionals="2" methods="3" coveredmethods="2"/>
      <file name="clear-storage.js" path="C:\Users\linda\repos\edu\exams\js2_LindaSandaker\src\js\utils\clear-storage.js">
        <metrics statements="1" coveredstatements="0" conditionals="0" coveredconditionals="0" methods="1" coveredmethods="0"/>
        <line num="2" count="0" type="stmt"/>
      </file>
      <file name="create-post.js" path="C:\Users\linda\repos\edu\exams\js2_LindaSandaker\src\js\utils\create-post.js">
        <metrics statements="5" coveredstatements="4" conditionals="2" coveredconditionals="1" methods="1" coveredmethods="1"/>
        <line num="2" count="1" type="stmt"/>
        <line num="10" count="1" type="stmt"/>
        <line num="11" count="1" type="cond" truecount="1" falsecount="1"/>
        <line num="12" count="1" type="stmt"/>
        <line num="14" count="0" type="stmt"/>
      </file>
      <file name="login-user.js" path="C:\Users\linda\repos\edu\exams\js2_LindaSandaker\src\js\utils\login-user.js">
        <metrics statements="8" coveredstatements="6" conditionals="2" coveredconditionals="1" methods="1" coveredmethods="1"/>
        <line num="2" count="1" type="stmt"/>
        <line num="10" count="1" type="stmt"/>
        <line num="11" count="1" type="cond" truecount="1" falsecount="1"/>
        <line num="13" count="1" type="stmt"/>
        <line num="18" count="1" type="stmt"/>
        <line num="22" count="1" type="stmt"/>
        <line num="25" count="0" type="stmt"/>
        <line num="26" count="0" type="stmt"/>
      </file>
    </package>
  </project>
</coverage>
