{"C:\\Users\\linda\\repos\\edu\\exams\\js2_LindaSandaker\\src\\jest-test\\sum.js": {"path":"C:\\Users\\linda\\repos\\edu\\exams\\js2_LindaSandaker\\src\\jest-test\\sum.js","statementMap":{"0":{"start":{"line":2,"column":4},"end":{"line":2,"column":17}},"1":{"start":{"line":4,"column":0},"end":{"line":4,"column":21}}},"fnMap":{"0":{"name":"sum","decl":{"start":{"line":1,"column":9},"end":{"line":1,"column":12}},"loc":{"start":{"line":1,"column":19},"end":{"line":3,"column":1}},"line":1}},"branchMap":{},"s":{"0":1,"1":1},"f":{"0":1},"b":{},"_coverageSchema":"1a1c01bbd47fc00a2c39e90264f33305004495a9","hash":"e4bcf82624c50898bff505fbb7e1983fc3ca6400"}
,"C:\\Users\\linda\\repos\\edu\\exams\\js2_LindaSandaker\\src\\js\\utils\\clear-storage.js": {"path":"C:\\Users\\linda\\repos\\edu\\exams\\js2_LindaSandaker\\src\\js\\utils\\clear-storage.js","statementMap":{"0":{"start":{"line":2,"column":4},"end":{"line":2,"column":25}}},"fnMap":{"0":{"name":"clearDataFromStorage","decl":{"start":{"line":1,"column":24},"end":{"line":1,"column":44}},"loc":{"start":{"line":1,"column":47},"end":{"line":3,"column":1}},"line":1}},"branchMap":{},"s":{"0":0},"f":{"0":0},"b":{},"_coverageSchema":"1a1c01bbd47fc00a2c39e90264f33305004495a9","hash":"49b79d8c5345cb6480650044b8cd5abaeeddcc8f"}
,"C:\\Users\\linda\\repos\\edu\\exams\\js2_LindaSandaker\\src\\js\\utils\\create-post.js": {"path":"C:\\Users\\linda\\repos\\edu\\exams\\js2_LindaSandaker\\src\\js\\utils\\create-post.js","statementMap":{"0":{"start":{"line":2,"column":21},"end":{"line":9,"column":6}},"1":{"start":{"line":10,"column":21},"end":{"line":10,"column":42}},"2":{"start":{"line":11,"column":4},"end":{"line":15,"column":5}},"3":{"start":{"line":12,"column":8},"end":{"line":12,"column":24}},"4":{"start":{"line":14,"column":8},"end":{"line":14,"column":67}}},"fnMap":{"0":{"name":"createPost","decl":{"start":{"line":1,"column":15},"end":{"line":1,"column":25}},"loc":{"start":{"line":1,"column":55},"end":{"line":16,"column":1}},"line":1}},"branchMap":{"0":{"loc":{"start":{"line":11,"column":4},"end":{"line":15,"column":5}},"type":"if","locations":[{"start":{"line":11,"column":4},"end":{"line":15,"column":5}},{"start":{"line":13,"column":11},"end":{"line":15,"column":5}}],"line":11}},"s":{"0":1,"1":1,"2":1,"3":1,"4":0},"f":{"0":1},"b":{"0":[1,0]},"_coverageSchema":"1a1c01bbd47fc00a2c39e90264f33305004495a9","hash":"a52f4cecac5cc750444f387a065bb6fcc5199f22"}
,"C:\\Users\\linda\\repos\\edu\\exams\\js2_LindaSandaker\\src\\js\\utils\\login-user.js": {"path":"C:\\Users\\linda\\repos\\edu\\exams\\js2_LindaSandaker\\src\\js\\utils\\login-user.js","statementMap":{"0":{"start":{"line":2,"column":21},"end":{"line":8,"column":6}},"1":{"start":{"line":10,"column":25},"end":{"line":10,"column":46}},"2":{"start":{"line":11,"column":4},"end":{"line":27,"column":5}},"3":{"start":{"line":13,"column":27},"end":{"line":16,"column":9}},"4":{"start":{"line":18,"column":30},"end":{"line":21,"column":9}},"5":{"start":{"line":22,"column":8},"end":{"line":22,"column":29}},"6":{"start":{"line":25,"column":27},"end":{"line":25,"column":76}},"7":{"start":{"line":26,"column":8},"end":{"line":26,"column":32}}},"fnMap":{"0":{"name":"userLogIn","decl":{"start":{"line":1,"column":15},"end":{"line":1,"column":24}},"loc":{"start":{"line":1,"column":60},"end":{"line":28,"column":1}},"line":1}},"branchMap":{"0":{"loc":{"start":{"line":11,"column":4},"end":{"line":27,"column":5}},"type":"if","locations":[{"start":{"line":11,"column":4},"end":{"line":27,"column":5}},{"start":{"line":24,"column":11},"end":{"line":27,"column":5}}],"line":11}},"s":{"0":1,"1":1,"2":1,"3":1,"4":1,"5":1,"6":0,"7":0},"f":{"0":1},"b":{"0":[1,0]},"_coverageSchema":"1a1c01bbd47fc00a2c39e90264f33305004495a9","hash":"0a8c2ff19b8f7b0cac60b68a727116f8d480e074"}
}
