TN:
SF:src\jest-test\sum.js
FN:1,sum
FNF:1
FNH:1
FNDA:1,sum
DA:2,1
DA:4,1
LF:2
LH:2
BRF:0
BRH:0
end_of_record
TN:
SF:src\js\utils\clear-storage.js
FN:1,clearDataFromStorage
FNF:1
FNH:0
FNDA:0,clearDataFromStorage
DA:2,0
LF:1
LH:0
BRF:0
BRH:0
end_of_record
TN:
SF:src\js\utils\create-post.js
FN:1,createPost
FNF:1
FNH:1
FNDA:1,createPost
DA:2,1
DA:10,1
DA:11,1
DA:12,1
DA:14,0
LF:5
LH:4
BRDA:11,0,0,1
BRDA:11,0,1,0
BRF:2
BRH:1
end_of_record
TN:
SF:src\js\utils\login-user.js
FN:1,userLogIn
FNF:1
FNH:1
FNDA:1,userLogIn
DA:2,1
DA:10,1
DA:11,1
DA:13,1
DA:18,1
DA:22,1
DA:25,0
DA:26,0
LF:8
LH:6
BRDA:11,0,0,1
BRDA:11,0,1,0
BRF:2
BRH:1
end_of_record
